2025-11-16 00:00:00 INFO [ConfigLoader] Normal operation heartbeat 0 in ConfigLoader
2025-11-16 00:00:05 DEBUG [ConfigLoader] Normal operation heartbeat 1 in ConfigLoader
2025-11-16 00:00:10 INFO [ConfigLoader] Normal operation heartbeat 2 in ConfigLoader
2025-11-16 00:00:15 WARN [ConfigLoader] Normal operation heartbeat 3 in ConfigLoader
2025-11-16 00:00:20 INFO [ConfigLoader] Normal operation heartbeat 4 in ConfigLoader
2025-11-16 00:00:25 DEBUG [ConfigLoader] Normal operation heartbeat 5 in ConfigLoader
2025-11-16 00:00:30 INFO [ConfigLoader] Normal operation heartbeat 6 in ConfigLoader
2025-11-16 00:00:35 WARN [ConfigLoader] Normal operation heartbeat 7 in ConfigLoader
2025-11-16 00:00:40 INFO [ConfigLoader] Normal operation heartbeat 8 in ConfigLoader
2025-11-16 00:00:45 DEBUG [ConfigLoader] Normal operation heartbeat 9 in ConfigLoader
2025-11-16 00:00:50 INFO [ConfigLoader] Normal operation heartbeat 10 in ConfigLoader
2025-11-16 00:00:55 WARN [ConfigLoader] Normal operation heartbeat 11 in ConfigLoader
2025-11-16 00:01:00 INFO [ConfigLoader] Normal operation heartbeat 12 in ConfigLoader
2025-11-16 00:01:05 DEBUG [ConfigLoader] Normal operation heartbeat 13 in ConfigLoader
2025-11-16 00:01:10 INFO [ConfigLoader] Normal operation heartbeat 14 in ConfigLoader
2025-11-16 00:01:15 WARN [ConfigLoader] Normal operation heartbeat 15 in ConfigLoader
2025-11-16 00:01:20 INFO [ConfigLoader] Normal operation heartbeat 16 in ConfigLoader
2025-11-16 00:01:25 DEBUG [ConfigLoader] Normal operation heartbeat 17 in ConfigLoader
2025-11-16 00:01:30 INFO [ConfigLoader] Normal operation heartbeat 18 in ConfigLoader
2025-11-16 00:01:35 WARN [ConfigLoader] Normal operation heartbeat 19 in ConfigLoader
2025-11-16 00:01:40 INFO [ConfigLoader] Normal operation heartbeat 20 in ConfigLoader
2025-11-16 00:01:45 DEBUG [ConfigLoader] Normal operation heartbeat 21 in ConfigLoader
2025-11-16 00:01:50 INFO [ConfigLoader] Normal operation heartbeat 22 in ConfigLoader
2025-11-16 00:01:55 WARN [ConfigLoader] Normal operation heartbeat 23 in ConfigLoader
2025-11-16 00:02:00 INFO [ConfigLoader] Normal operation heartbeat 24 in ConfigLoader
2025-11-16 00:02:05 DEBUG [ConfigLoader] Normal operation heartbeat 25 in ConfigLoader
2025-11-16 00:02:10 INFO [ConfigLoader] Normal operation heartbeat 26 in ConfigLoader
2025-11-16 00:02:15 WARN [ConfigLoader] Normal operation heartbeat 27 in ConfigLoader
2025-11-16 00:02:20 INFO [ConfigLoader] Normal operation heartbeat 28 in ConfigLoader
2025-11-16 00:02:25 DEBUG [ConfigLoader] Normal operation heartbeat 29 in ConfigLoader
2025-11-16 00:02:30 INFO [ConfigLoader] Normal operation heartbeat 30 in ConfigLoader
2025-11-16 00:02:35 WARN [ConfigLoader] Normal operation heartbeat 31 in ConfigLoader
2025-11-16 00:02:40 INFO [ConfigLoader] Normal operation heartbeat 32 in ConfigLoader
2025-11-16 00:02:45 DEBUG [ConfigLoader] Normal operation heartbeat 33 in ConfigLoader
2025-11-16 00:02:50 INFO [ConfigLoader] Normal operation heartbeat 34 in ConfigLoader
2025-11-16 00:02:55 WARN [ConfigLoader] Normal operation heartbeat 35 in ConfigLoader
2025-11-16 00:03:00 INFO [ConfigLoader] Normal operation heartbeat 36 in ConfigLoader
2025-11-16 00:03:05 DEBUG [ConfigLoader] Normal operation heartbeat 37 in ConfigLoader
2025-11-16 00:03:10 INFO [ConfigLoader] Normal operation heartbeat 38 in ConfigLoader
2025-11-16 00:03:15 WARN [ConfigLoader] Normal operation heartbeat 39 in ConfigLoader
2025-11-16 00:03:20 INFO [ConfigLoader] Normal operation heartbeat 40 in ConfigLoader
2025-11-16 00:03:25 DEBUG [ConfigLoader] Normal operation heartbeat 41 in ConfigLoader
2025-11-16 00:03:30 INFO [ConfigLoader] Normal operation heartbeat 42 in ConfigLoader
2025-11-16 00:03:35 WARN [ConfigLoader] Normal operation heartbeat 43 in ConfigLoader
2025-11-16 00:03:40 INFO [ConfigLoader] Normal operation heartbeat 44 in ConfigLoader
2025-11-16 00:03:45 DEBUG [ConfigLoader] Normal operation heartbeat 45 in ConfigLoader
2025-11-16 00:03:50 INFO [ConfigLoader] Normal operation heartbeat 46 in ConfigLoader
2025-11-16 00:03:55 WARN [ConfigLoader] Normal operation heartbeat 47 in ConfigLoader
2025-11-16 00:04:00 INFO [ConfigLoader] Normal operation heartbeat 48 in ConfigLoader
2025-11-16 00:04:05 DEBUG [ConfigLoader] Normal operation heartbeat 49 in ConfigLoader
2025-11-16 00:04:10 INFO [ConfigLoader] Normal operation heartbeat 50 in ConfigLoader
2025-11-16 00:04:15 WARN [ConfigLoader] Normal operation heartbeat 51 in ConfigLoader
2025-11-16 00:04:20 INFO [ConfigLoader] Normal operation heartbeat 52 in ConfigLoader
2025-11-16 00:04:25 DEBUG [ConfigLoader] Normal operation heartbeat 53 in ConfigLoader
2025-11-16 00:04:30 INFO [ConfigLoader] Normal operation heartbeat 54 in ConfigLoader
2025-11-16 00:04:35 WARN [ConfigLoader] Normal operation heartbeat 55 in ConfigLoader
2025-11-16 00:04:40 INFO [ConfigLoader] Normal operation heartbeat 56 in ConfigLoader
2025-11-16 00:04:45 DEBUG [ConfigLoader] Normal operation heartbeat 57 in ConfigLoader
2025-11-16 00:04:50 INFO [ConfigLoader] Normal operation heartbeat 58 in ConfigLoader
2025-11-16 00:04:55 WARN [ConfigLoader] Normal operation heartbeat 59 in ConfigLoader
2025-11-16 00:05:00 INFO [ConfigLoader] Normal operation heartbeat 60 in ConfigLoader
2025-11-16 00:05:05 DEBUG [ConfigLoader] Normal operation heartbeat 61 in ConfigLoader
2025-11-16 00:05:10 INFO [ConfigLoader] Normal operation heartbeat 62 in ConfigLoader
2025-11-16 00:05:15 WARN [ConfigLoader] Normal operation heartbeat 63 in ConfigLoader
2025-11-16 00:05:20 INFO [ConfigLoader] Normal operation heartbeat 64 in ConfigLoader
2025-11-16 00:05:25 DEBUG [ConfigLoader] Normal operation heartbeat 65 in ConfigLoader
2025-11-16 00:05:30 INFO [ConfigLoader] Normal operation heartbeat 66 in ConfigLoader
2025-11-16 00:05:35 WARN [ConfigLoader] Normal operation heartbeat 67 in ConfigLoader
2025-11-16 00:05:40 INFO [ConfigLoader] Normal operation heartbeat 68 in ConfigLoader
2025-11-16 00:05:45 DEBUG [ConfigLoader] Normal operation heartbeat 69 in ConfigLoader
2025-11-16 00:05:50 INFO [ConfigLoader] Normal operation heartbeat 70 in ConfigLoader
2025-11-16 00:05:55 WARN [ConfigLoader] Normal operation heartbeat 71 in ConfigLoader
2025-11-16 00:06:00 INFO [ConfigLoader] Normal operation heartbeat 72 in ConfigLoader
2025-11-16 00:06:05 DEBUG [ConfigLoader] Normal operation heartbeat 73 in ConfigLoader
2025-11-16 00:06:10 INFO [ConfigLoader] Normal operation heartbeat 74 in ConfigLoader
2025-11-16 00:06:15 WARN [ConfigLoader] Normal operation heartbeat 75 in ConfigLoader
2025-11-16 00:06:20 INFO [ConfigLoader] Normal operation heartbeat 76 in ConfigLoader
2025-11-16 00:06:25 DEBUG [ConfigLoader] Normal operation heartbeat 77 in ConfigLoader
2025-11-16 00:06:30 INFO [ConfigLoader] Normal operation heartbeat 78 in ConfigLoader
2025-11-16 00:06:35 WARN [ConfigLoader] Normal operation heartbeat 79 in ConfigLoader
2025-11-16 00:06:40 INFO [ConfigLoader] Normal operation heartbeat 80 in ConfigLoader
2025-11-16 00:06:45 DEBUG [ConfigLoader] Normal operation heartbeat 81 in ConfigLoader
2025-11-16 00:06:50 INFO [ConfigLoader] Normal operation heartbeat 82 in ConfigLoader
2025-11-16 00:06:55 WARN [ConfigLoader] Normal operation heartbeat 83 in ConfigLoader
2025-11-16 00:07:00 INFO [ConfigLoader] Normal operation heartbeat 84 in ConfigLoader
2025-11-16 00:07:05 DEBUG [ConfigLoader] Normal operation heartbeat 85 in ConfigLoader
2025-11-16 00:07:10 INFO [ConfigLoader] Normal operation heartbeat 86 in ConfigLoader
2025-11-16 00:07:15 WARN [ConfigLoader] Normal operation heartbeat 87 in ConfigLoader
2025-11-16 00:07:20 INFO [ConfigLoader] Normal operation heartbeat 88 in ConfigLoader
2025-11-16 00:07:25 DEBUG [ConfigLoader] Normal operation heartbeat 89 in ConfigLoader
2025-11-16 00:07:30 INFO [ConfigLoader] Normal operation heartbeat 90 in ConfigLoader
2025-11-16 00:07:35 WARN [ConfigLoader] Normal operation heartbeat 91 in ConfigLoader
2025-11-16 00:07:40 INFO [ConfigLoader] Normal operation heartbeat 92 in ConfigLoader
2025-11-16 00:07:45 DEBUG [ConfigLoader] Normal operation heartbeat 93 in ConfigLoader
2025-11-16 00:07:50 INFO [ConfigLoader] Normal operation heartbeat 94 in ConfigLoader
2025-11-16 00:07:55 WARN [ConfigLoader] Normal operation heartbeat 95 in ConfigLoader
2025-11-16 00:08:00 INFO [ConfigLoader] Normal operation heartbeat 96 in ConfigLoader
2025-11-16 00:08:05 DEBUG [ConfigLoader] Normal operation heartbeat 97 in ConfigLoader
2025-11-16 00:08:10 INFO [ConfigLoader] Normal operation heartbeat 98 in ConfigLoader
2025-11-16 00:08:15 WARN [ConfigLoader] Normal operation heartbeat 99 in ConfigLoader
2025-11-16 00:08:20 INFO [ConfigLoader] Normal operation heartbeat 100 in ConfigLoader
2025-11-16 00:08:25 DEBUG [ConfigLoader] Normal operation heartbeat 101 in ConfigLoader
2025-11-16 00:08:30 INFO [ConfigLoader] Normal operation heartbeat 102 in ConfigLoader
2025-11-16 00:08:35 WARN [ConfigLoader] Normal operation heartbeat 103 in ConfigLoader
2025-11-16 00:08:40 INFO [ConfigLoader] Normal operation heartbeat 104 in ConfigLoader
2025-11-16 00:08:45 DEBUG [ConfigLoader] Normal operation heartbeat 105 in ConfigLoader
2025-11-16 00:08:50 INFO [ConfigLoader] Normal operation heartbeat 106 in ConfigLoader
2025-11-16 00:08:55 WARN [ConfigLoader] Normal operation heartbeat 107 in ConfigLoader
2025-11-16 00:09:00 INFO [ConfigLoader] Normal operation heartbeat 108 in ConfigLoader
2025-11-16 00:09:05 DEBUG [ConfigLoader] Normal operation heartbeat 109 in ConfigLoader
2025-11-16 00:09:10 INFO [ConfigLoader] Normal operation heartbeat 110 in ConfigLoader
2025-11-16 00:09:15 WARN [ConfigLoader] Normal operation heartbeat 111 in ConfigLoader
2025-11-16 00:09:20 INFO [ConfigLoader] Normal operation heartbeat 112 in ConfigLoader
2025-11-16 00:09:25 DEBUG [ConfigLoader] Normal operation heartbeat 113 in ConfigLoader
2025-11-16 00:09:30 INFO [ConfigLoader] Normal operation heartbeat 114 in ConfigLoader
2025-11-16 00:09:35 WARN [ConfigLoader] Normal operation heartbeat 115 in ConfigLoader
2025-11-16 00:09:40 INFO [ConfigLoader] Normal operation heartbeat 116 in ConfigLoader
2025-11-16 00:09:45 INFO  [ConfigLoader] Loading configuration from /etc/app/config.yaml
2025-11-16 00:09:47 ERROR [ConfigLoader] Missing required key: database.connection_string
2025-11-16 00:09:49 ERROR [App] Failed to start application due to configuration error.
