2025-11-23 23:31:27 INFO [ApiServer] Normal operation heartbeat 0 in ApiServer
2025-11-23 23:31:28 DEBUG [ApiServer] Normal operation heartbeat 1 in ApiServer
2025-11-23 23:31:29 INFO [ApiServer] Normal operation heartbeat 2 in ApiServer
2025-11-23 23:31:30 WARN [ApiServer] Normal operation heartbeat 3 in ApiServer
2025-11-23 23:31:31 INFO [ApiServer] Normal operation heartbeat 4 in ApiServer
2025-11-23 23:31:32 DEBUG [ApiServer] Normal operation heartbeat 5 in ApiServer
2025-11-23 23:31:33 INFO [ApiServer] Normal operation heartbeat 6 in ApiServer
2025-11-23 23:31:34 WARN [ApiServer] Normal operation heartbeat 7 in ApiServer
2025-11-23 23:31:35 INFO [ApiServer] Normal operation heartbeat 8 in ApiServer
2025-11-23 23:31:36 DEBUG [ApiServer] Normal operation heartbeat 9 in ApiServer
2025-11-23 23:31:37 INFO [ApiServer] Normal operation heartbeat 10 in ApiServer
2025-11-23 23:31:38 WARN [ApiServer] Normal operation heartbeat 11 in ApiServer
2025-11-23 23:31:39 INFO [ApiServer] Normal operation heartbeat 12 in ApiServer
2025-11-23 23:31:40 DEBUG [ApiServer] Normal operation heartbeat 13 in ApiServer
2025-11-23 23:31:41 INFO [ApiServer] Normal operation heartbeat 14 in ApiServer
2025-11-23 23:31:42 WARN [ApiServer] Normal operation heartbeat 15 in ApiServer
2025-11-23 23:31:43 INFO [ApiServer] Normal operation heartbeat 16 in ApiServer
2025-11-23 23:31:44 DEBUG [ApiServer] Normal operation heartbeat 17 in ApiServer
2025-11-23 23:31:45 INFO [ApiServer] Normal operation heartbeat 18 in ApiServer
2025-11-23 23:31:46 WARN [ApiServer] Normal operation heartbeat 19 in ApiServer
2025-11-23 23:31:47 INFO [ApiServer] Normal operation heartbeat 20 in ApiServer
2025-11-23 23:31:48 DEBUG [ApiServer] Normal operation heartbeat 21 in ApiServer
2025-11-23 23:31:49 INFO [ApiServer] Normal operation heartbeat 22 in ApiServer
2025-11-23 23:31:50 WARN [ApiServer] Normal operation heartbeat 23 in ApiServer
2025-11-23 23:31:51 INFO [ApiServer] Normal operation heartbeat 24 in ApiServer
2025-11-23 23:31:52 DEBUG [ApiServer] Normal operation heartbeat 25 in ApiServer
2025-11-23 23:31:53 INFO [ApiServer] Normal operation heartbeat 26 in ApiServer
2025-11-23 23:31:54 WARN [ApiServer] Normal operation heartbeat 27 in ApiServer
2025-11-23 23:31:55 INFO [ApiServer] Normal operation heartbeat 28 in ApiServer
2025-11-23 23:31:56 DEBUG [ApiServer] Normal operation heartbeat 29 in ApiServer
2025-11-23 23:31:57 INFO [ApiServer] Normal operation heartbeat 30 in ApiServer
2025-11-23 23:31:58 WARN [ApiServer] Normal operation heartbeat 31 in ApiServer
2025-11-23 23:31:59 INFO [ApiServer] Normal operation heartbeat 32 in ApiServer
2025-11-23 23:32:00 DEBUG [ApiServer] Normal operation heartbeat 33 in ApiServer
2025-11-23 23:32:01 INFO [ApiServer] Normal operation heartbeat 34 in ApiServer
2025-11-23 23:32:02 WARN [ApiServer] Normal operation heartbeat 35 in ApiServer
2025-11-23 23:32:03 INFO [ApiServer] Normal operation heartbeat 36 in ApiServer
2025-11-23 23:32:04 DEBUG [ApiServer] Normal operation heartbeat 37 in ApiServer
2025-11-23 23:32:05 INFO [ApiServer] Normal operation heartbeat 38 in ApiServer
2025-11-23 23:32:06 WARN [ApiServer] Normal operation heartbeat 39 in ApiServer
2025-11-23 23:32:07 INFO [ApiServer] Normal operation heartbeat 40 in ApiServer
2025-11-23 23:32:08 DEBUG [ApiServer] Normal operation heartbeat 41 in ApiServer
2025-11-23 23:32:09 INFO [ApiServer] Normal operation heartbeat 42 in ApiServer
2025-11-23 23:32:10 WARN [ApiServer] Normal operation heartbeat 43 in ApiServer
2025-11-23 23:32:11 INFO [ApiServer] Normal operation heartbeat 44 in ApiServer
2025-11-23 23:32:12 INFO  [ApiServer] Received /positions request.
2025-11-23 23:32:14 WARN  [DBPool] Connection to db-prod-01 is slow.
2025-11-23 23:32:16 ERROR [DBPool] Timeout: failed to obtain connection from pool after 30 seconds.
2025-11-23 23:32:18 ERROR [ApiServer] Failed to fetch positions: DB_TIMEOUT
2025-11-23 23:32:20 INFO  [ApiServer] Returning HTTP 500 to client.
2025-11-23 23:32:21 INFO [ApiServer] Normal operation heartbeat 0 in ApiServer
2025-11-23 23:32:22 DEBUG [ApiServer] Normal operation heartbeat 1 in ApiServer
2025-11-23 23:32:23 INFO [ApiServer] Normal operation heartbeat 2 in ApiServer
2025-11-23 23:32:24 WARN [ApiServer] Normal operation heartbeat 3 in ApiServer
2025-11-23 23:32:25 INFO [ApiServer] Normal operation heartbeat 4 in ApiServer
2025-11-23 23:32:26 DEBUG [ApiServer] Normal operation heartbeat 5 in ApiServer
2025-11-23 23:32:27 INFO [ApiServer] Normal operation heartbeat 6 in ApiServer
2025-11-23 23:32:28 WARN [ApiServer] Normal operation heartbeat 7 in ApiServer
2025-11-23 23:32:29 INFO [ApiServer] Normal operation heartbeat 8 in ApiServer
2025-11-23 23:32:30 DEBUG [ApiServer] Normal operation heartbeat 9 in ApiServer
