2025-11-16 00:00:00 INFO [Scheduler] Normal operation heartbeat 0 in Scheduler
2025-11-16 00:00:05 DEBUG [Scheduler] Normal operation heartbeat 1 in Scheduler
2025-11-16 00:00:10 INFO [Scheduler] Normal operation heartbeat 2 in Scheduler
2025-11-16 00:00:15 WARN [Scheduler] Normal operation heartbeat 3 in Scheduler
2025-11-16 00:00:20 INFO [Scheduler] Normal operation heartbeat 4 in Scheduler
2025-11-16 00:00:25 DEBUG [Scheduler] Normal operation heartbeat 5 in Scheduler
2025-11-16 00:00:30 INFO [Scheduler] Normal operation heartbeat 6 in Scheduler
2025-11-16 00:00:35 WARN [Scheduler] Normal operation heartbeat 7 in Scheduler
2025-11-16 00:00:40 INFO [Scheduler] Normal operation heartbeat 8 in Scheduler
2025-11-16 00:00:45 DEBUG [Scheduler] Normal operation heartbeat 9 in Scheduler
2025-11-16 00:00:50 INFO [Scheduler] Normal operation heartbeat 10 in Scheduler
2025-11-16 00:00:55 WARN [Scheduler] Normal operation heartbeat 11 in Scheduler
2025-11-16 00:01:00 INFO [Scheduler] Normal operation heartbeat 12 in Scheduler
2025-11-16 00:01:05 DEBUG [Scheduler] Normal operation heartbeat 13 in Scheduler
2025-11-16 00:01:10 INFO [Scheduler] Normal operation heartbeat 14 in Scheduler
2025-11-16 00:01:15 WARN [Scheduler] Normal operation heartbeat 15 in Scheduler
2025-11-16 00:01:20 INFO [Scheduler] Normal operation heartbeat 16 in Scheduler
2025-11-16 00:01:25 DEBUG [Scheduler] Normal operation heartbeat 17 in Scheduler
2025-11-16 00:01:30 INFO [Scheduler] Normal operation heartbeat 18 in Scheduler
2025-11-16 00:01:35 WARN [Scheduler] Normal operation heartbeat 19 in Scheduler
2025-11-16 00:01:40 INFO [Scheduler] Normal operation heartbeat 20 in Scheduler
2025-11-16 00:01:45 DEBUG [Scheduler] Normal operation heartbeat 21 in Scheduler
2025-11-16 00:01:50 INFO [Scheduler] Normal operation heartbeat 22 in Scheduler
2025-11-16 00:01:55 WARN [Scheduler] Normal operation heartbeat 23 in Scheduler
2025-11-16 00:02:00 INFO [Scheduler] Normal operation heartbeat 24 in Scheduler
2025-11-16 00:02:05 DEBUG [Scheduler] Normal operation heartbeat 25 in Scheduler
2025-11-16 00:02:10 INFO [Scheduler] Normal operation heartbeat 26 in Scheduler
2025-11-16 00:02:15 WARN [Scheduler] Normal operation heartbeat 27 in Scheduler
2025-11-16 00:02:20 INFO [Scheduler] Normal operation heartbeat 28 in Scheduler
2025-11-16 00:02:25 DEBUG [Scheduler] Normal operation heartbeat 29 in Scheduler
2025-11-16 00:02:30 INFO [Scheduler] Normal operation heartbeat 30 in Scheduler
2025-11-16 00:02:35 WARN [Scheduler] Normal operation heartbeat 31 in Scheduler
2025-11-16 00:02:40 INFO [Scheduler] Normal operation heartbeat 32 in Scheduler
2025-11-16 00:02:45 DEBUG [Scheduler] Normal operation heartbeat 33 in Scheduler
2025-11-16 00:02:50 INFO [Scheduler] Normal operation heartbeat 34 in Scheduler
2025-11-16 00:02:55 WARN [Scheduler] Normal operation heartbeat 35 in Scheduler
2025-11-16 00:03:00 INFO [Scheduler] Normal operation heartbeat 36 in Scheduler
2025-11-16 00:03:05 DEBUG [Scheduler] Normal operation heartbeat 37 in Scheduler
2025-11-16 00:03:10 INFO [Scheduler] Normal operation heartbeat 38 in Scheduler
2025-11-16 00:03:15 WARN [Scheduler] Normal operation heartbeat 39 in Scheduler
2025-11-16 00:03:20 INFO [Scheduler] Normal operation heartbeat 40 in Scheduler
2025-11-16 00:03:25 DEBUG [Scheduler] Normal operation heartbeat 41 in Scheduler
2025-11-16 00:03:30 INFO [Scheduler] Normal operation heartbeat 42 in Scheduler
2025-11-16 00:03:35 WARN [Scheduler] Normal operation heartbeat 43 in Scheduler
2025-11-16 00:03:40 INFO [Scheduler] Normal operation heartbeat 44 in Scheduler
2025-11-16 00:03:45 DEBUG [Scheduler] Normal operation heartbeat 45 in Scheduler
2025-11-16 00:03:50 INFO [Scheduler] Normal operation heartbeat 46 in Scheduler
2025-11-16 00:03:55 WARN [Scheduler] Normal operation heartbeat 47 in Scheduler
2025-11-16 00:04:00 INFO [Scheduler] Normal operation heartbeat 48 in Scheduler
2025-11-16 00:04:05 DEBUG [Scheduler] Normal operation heartbeat 49 in Scheduler
2025-11-16 00:04:10 INFO [Scheduler] Normal operation heartbeat 50 in Scheduler
2025-11-16 00:04:15 WARN [Scheduler] Normal operation heartbeat 51 in Scheduler
2025-11-16 00:04:20 INFO [Scheduler] Normal operation heartbeat 52 in Scheduler
2025-11-16 00:04:25 DEBUG [Scheduler] Normal operation heartbeat 53 in Scheduler
2025-11-16 00:04:30 INFO [Scheduler] Normal operation heartbeat 54 in Scheduler
2025-11-16 00:04:35 WARN [Scheduler] Normal operation heartbeat 55 in Scheduler
2025-11-16 00:04:40 INFO [Scheduler] Normal operation heartbeat 56 in Scheduler
2025-11-16 00:04:45 DEBUG [Scheduler] Normal operation heartbeat 57 in Scheduler
2025-11-16 00:04:50 INFO [Scheduler] Normal operation heartbeat 58 in Scheduler
2025-11-16 00:04:55 WARN [Scheduler] Normal operation heartbeat 59 in Scheduler
2025-11-16 00:05:00 INFO [Scheduler] Normal operation heartbeat 60 in Scheduler
2025-11-16 00:05:05 DEBUG [Scheduler] Normal operation heartbeat 61 in Scheduler
2025-11-16 00:05:10 INFO [Scheduler] Normal operation heartbeat 62 in Scheduler
2025-11-16 00:05:15 WARN [Scheduler] Normal operation heartbeat 63 in Scheduler
2025-11-16 00:05:20 INFO [Scheduler] Normal operation heartbeat 64 in Scheduler
2025-11-16 00:05:25 DEBUG [Scheduler] Normal operation heartbeat 65 in Scheduler
2025-11-16 00:05:30 INFO [Scheduler] Normal operation heartbeat 66 in Scheduler
2025-11-16 00:05:35 WARN [Scheduler] Normal operation heartbeat 67 in Scheduler
2025-11-16 00:05:40 INFO [Scheduler] Normal operation heartbeat 68 in Scheduler
2025-11-16 00:05:45 DEBUG [Scheduler] Normal operation heartbeat 69 in Scheduler
2025-11-16 00:05:50 INFO [Scheduler] Normal operation heartbeat 70 in Scheduler
2025-11-16 00:05:55 WARN [Scheduler] Normal operation heartbeat 71 in Scheduler
2025-11-16 00:06:00 INFO [Scheduler] Normal operation heartbeat 72 in Scheduler
2025-11-16 00:06:05 DEBUG [Scheduler] Normal operation heartbeat 73 in Scheduler
2025-11-16 00:06:10 INFO [Scheduler] Normal operation heartbeat 74 in Scheduler
2025-11-16 00:06:15 WARN [Scheduler] Normal operation heartbeat 75 in Scheduler
2025-11-16 00:06:20 INFO [Scheduler] Normal operation heartbeat 76 in Scheduler
2025-11-16 00:06:25 DEBUG [Scheduler] Normal operation heartbeat 77 in Scheduler
2025-11-16 00:06:30 INFO [Scheduler] Normal operation heartbeat 78 in Scheduler
2025-11-16 00:06:35 WARN [Scheduler] Normal operation heartbeat 79 in Scheduler
2025-11-16 00:06:40 INFO [Scheduler] Normal operation heartbeat 80 in Scheduler
2025-11-16 00:06:45 DEBUG [Scheduler] Normal operation heartbeat 81 in Scheduler
2025-11-16 00:06:50 INFO [Scheduler] Normal operation heartbeat 82 in Scheduler
2025-11-16 00:06:55 WARN [Scheduler] Normal operation heartbeat 83 in Scheduler
2025-11-16 00:07:00 INFO [Scheduler] Normal operation heartbeat 84 in Scheduler
2025-11-16 00:07:05 DEBUG [Scheduler] Normal operation heartbeat 85 in Scheduler
2025-11-16 00:07:10 INFO [Scheduler] Normal operation heartbeat 86 in Scheduler
2025-11-16 00:07:15 WARN [Scheduler] Normal operation heartbeat 87 in Scheduler
2025-11-16 00:07:20 INFO [Scheduler] Normal operation heartbeat 88 in Scheduler
2025-11-16 00:07:25 DEBUG [Scheduler] Normal operation heartbeat 89 in Scheduler
2025-11-16 00:07:30 INFO [Scheduler] Normal operation heartbeat 90 in Scheduler
2025-11-16 00:07:35 WARN [Scheduler] Normal operation heartbeat 91 in Scheduler
2025-11-16 00:07:40 INFO [Scheduler] Normal operation heartbeat 92 in Scheduler
2025-11-16 00:07:45 DEBUG [Scheduler] Normal operation heartbeat 93 in Scheduler
2025-11-16 00:07:50 INFO [Scheduler] Normal operation heartbeat 94 in Scheduler
2025-11-16 00:07:55 WARN [Scheduler] Normal operation heartbeat 95 in Scheduler
2025-11-16 00:08:00 INFO [Scheduler] Normal operation heartbeat 96 in Scheduler
2025-11-16 00:08:05 DEBUG [Scheduler] Normal operation heartbeat 97 in Scheduler
2025-11-16 00:08:10 INFO [Scheduler] Normal operation heartbeat 98 in Scheduler
2025-11-16 00:08:15 WARN [Scheduler] Normal operation heartbeat 99 in Scheduler
2025-11-16 00:08:20 INFO [Scheduler] Normal operation heartbeat 100 in Scheduler
2025-11-16 00:08:25 DEBUG [Scheduler] Normal operation heartbeat 101 in Scheduler
2025-11-16 00:08:30 INFO [Scheduler] Normal operation heartbeat 102 in Scheduler
2025-11-16 00:08:35 WARN [Scheduler] Normal operation heartbeat 103 in Scheduler
2025-11-16 00:08:40 INFO [Scheduler] Normal operation heartbeat 104 in Scheduler
2025-11-16 00:08:45 DEBUG [Scheduler] Normal operation heartbeat 105 in Scheduler
2025-11-16 00:08:50 INFO [Scheduler] Normal operation heartbeat 106 in Scheduler
2025-11-16 00:08:55 WARN [Scheduler] Normal operation heartbeat 107 in Scheduler
2025-11-16 00:09:00 INFO [Scheduler] Normal operation heartbeat 108 in Scheduler
2025-11-16 00:09:05 DEBUG [Scheduler] Normal operation heartbeat 109 in Scheduler
2025-11-16 00:09:10 INFO [Scheduler] Normal operation heartbeat 110 in Scheduler
2025-11-16 00:09:15 WARN [Scheduler] Normal operation heartbeat 111 in Scheduler
2025-11-16 00:09:20 INFO [Scheduler] Normal operation heartbeat 112 in Scheduler
2025-11-16 00:09:25 DEBUG [Scheduler] Normal operation heartbeat 113 in Scheduler
2025-11-16 00:09:30 INFO [Scheduler] Normal operation heartbeat 114 in Scheduler
2025-11-16 00:09:35 INFO  [Scheduler] Running nightly job: risk_report.
2025-11-16 00:09:37 ERROR [HttpClient] Failed to call https://pricing-service.internal/api/curve
2025-11-16 00:09:39 ERROR [HttpClient] ConnectionError: [Errno 111] Connection refused
2025-11-16 00:09:41 WARN  [Scheduler] Marking job risk_report as FAILED.
2025-11-16 00:09:43 INFO  [Alerting] Sending PagerDuty alert: PRICING_SERVICE_DOWN.
