2025-11-16 00:00:00 INFO [Worker] Normal operation heartbeat 0 in Worker
2025-11-16 00:00:05 DEBUG [Worker] Normal operation heartbeat 1 in Worker
2025-11-16 00:00:10 INFO [Worker] Normal operation heartbeat 2 in Worker
2025-11-16 00:00:15 WARN [Worker] Normal operation heartbeat 3 in Worker
2025-11-16 00:00:20 INFO [Worker] Normal operation heartbeat 4 in Worker
2025-11-16 00:00:25 DEBUG [Worker] Normal operation heartbeat 5 in Worker
2025-11-16 00:00:30 INFO [Worker] Normal operation heartbeat 6 in Worker
2025-11-16 00:00:35 WARN [Worker] Normal operation heartbeat 7 in Worker
2025-11-16 00:00:40 INFO [Worker] Normal operation heartbeat 8 in Worker
2025-11-16 00:00:45 DEBUG [Worker] Normal operation heartbeat 9 in Worker
2025-11-16 00:00:50 INFO [Worker] Normal operation heartbeat 10 in Worker
2025-11-16 00:00:55 WARN [Worker] Normal operation heartbeat 11 in Worker
2025-11-16 00:01:00 INFO [Worker] Normal operation heartbeat 12 in Worker
2025-11-16 00:01:05 DEBUG [Worker] Normal operation heartbeat 13 in Worker
2025-11-16 00:01:10 INFO [Worker] Normal operation heartbeat 14 in Worker
2025-11-16 00:01:15 WARN [Worker] Normal operation heartbeat 15 in Worker
2025-11-16 00:01:20 INFO [Worker] Normal operation heartbeat 16 in Worker
2025-11-16 00:01:25 DEBUG [Worker] Normal operation heartbeat 17 in Worker
2025-11-16 00:01:30 INFO [Worker] Normal operation heartbeat 18 in Worker
2025-11-16 00:01:35 WARN [Worker] Normal operation heartbeat 19 in Worker
2025-11-16 00:01:40 INFO [Worker] Normal operation heartbeat 20 in Worker
2025-11-16 00:01:45 DEBUG [Worker] Normal operation heartbeat 21 in Worker
2025-11-16 00:01:50 INFO [Worker] Normal operation heartbeat 22 in Worker
2025-11-16 00:01:55 WARN [Worker] Normal operation heartbeat 23 in Worker
2025-11-16 00:02:00 INFO [Worker] Normal operation heartbeat 24 in Worker
2025-11-16 00:02:05 DEBUG [Worker] Normal operation heartbeat 25 in Worker
2025-11-16 00:02:10 INFO [Worker] Normal operation heartbeat 26 in Worker
2025-11-16 00:02:15 WARN [Worker] Normal operation heartbeat 27 in Worker
2025-11-16 00:02:20 INFO [Worker] Normal operation heartbeat 28 in Worker
2025-11-16 00:02:25 DEBUG [Worker] Normal operation heartbeat 29 in Worker
2025-11-16 00:02:30 INFO [Worker] Normal operation heartbeat 30 in Worker
2025-11-16 00:02:35 WARN [Worker] Normal operation heartbeat 31 in Worker
2025-11-16 00:02:40 INFO [Worker] Normal operation heartbeat 32 in Worker
2025-11-16 00:02:45 DEBUG [Worker] Normal operation heartbeat 33 in Worker
2025-11-16 00:02:50 INFO [Worker] Normal operation heartbeat 34 in Worker
2025-11-16 00:02:55 WARN [Worker] Normal operation heartbeat 35 in Worker
2025-11-16 00:03:00 INFO [Worker] Normal operation heartbeat 36 in Worker
2025-11-16 00:03:05 DEBUG [Worker] Normal operation heartbeat 37 in Worker
2025-11-16 00:03:10 INFO [Worker] Normal operation heartbeat 38 in Worker
2025-11-16 00:03:15 WARN [Worker] Normal operation heartbeat 39 in Worker
2025-11-16 00:03:20 INFO [Worker] Normal operation heartbeat 40 in Worker
2025-11-16 00:03:25 DEBUG [Worker] Normal operation heartbeat 41 in Worker
2025-11-16 00:03:30 INFO [Worker] Normal operation heartbeat 42 in Worker
2025-11-16 00:03:35 WARN [Worker] Normal operation heartbeat 43 in Worker
2025-11-16 00:03:40 INFO [Worker] Normal operation heartbeat 44 in Worker
2025-11-16 00:03:45 DEBUG [Worker] Normal operation heartbeat 45 in Worker
2025-11-16 00:03:50 INFO [Worker] Normal operation heartbeat 46 in Worker
2025-11-16 00:03:55 WARN [Worker] Normal operation heartbeat 47 in Worker
2025-11-16 00:04:00 INFO [Worker] Normal operation heartbeat 48 in Worker
2025-11-16 00:04:05 DEBUG [Worker] Normal operation heartbeat 49 in Worker
2025-11-16 00:04:10 INFO [Worker] Normal operation heartbeat 50 in Worker
2025-11-16 00:04:15 WARN [Worker] Normal operation heartbeat 51 in Worker
2025-11-16 00:04:20 INFO [Worker] Normal operation heartbeat 52 in Worker
2025-11-16 00:04:25 DEBUG [Worker] Normal operation heartbeat 53 in Worker
2025-11-16 00:04:30 INFO [Worker] Normal operation heartbeat 54 in Worker
2025-11-16 00:04:35 WARN [Worker] Normal operation heartbeat 55 in Worker
2025-11-16 00:04:40 INFO [Worker] Normal operation heartbeat 56 in Worker
2025-11-16 00:04:45 DEBUG [Worker] Normal operation heartbeat 57 in Worker
2025-11-16 00:04:50 INFO [Worker] Normal operation heartbeat 58 in Worker
2025-11-16 00:04:55 WARN [Worker] Normal operation heartbeat 59 in Worker
2025-11-16 00:05:00 INFO [Worker] Normal operation heartbeat 60 in Worker
2025-11-16 00:05:05 DEBUG [Worker] Normal operation heartbeat 61 in Worker
2025-11-16 00:05:10 INFO [Worker] Normal operation heartbeat 62 in Worker
2025-11-16 00:05:15 WARN [Worker] Normal operation heartbeat 63 in Worker
2025-11-16 00:05:20 INFO [Worker] Normal operation heartbeat 64 in Worker
2025-11-16 00:05:25 DEBUG [Worker] Normal operation heartbeat 65 in Worker
2025-11-16 00:05:30 INFO [Worker] Normal operation heartbeat 66 in Worker
2025-11-16 00:05:35 WARN [Worker] Normal operation heartbeat 67 in Worker
2025-11-16 00:05:40 INFO [Worker] Normal operation heartbeat 68 in Worker
2025-11-16 00:05:45 DEBUG [Worker] Normal operation heartbeat 69 in Worker
2025-11-16 00:05:50 INFO [Worker] Normal operation heartbeat 70 in Worker
2025-11-16 00:05:55 WARN [Worker] Normal operation heartbeat 71 in Worker
2025-11-16 00:06:00 INFO [Worker] Normal operation heartbeat 72 in Worker
2025-11-16 00:06:05 DEBUG [Worker] Normal operation heartbeat 73 in Worker
2025-11-16 00:06:10 INFO [Worker] Normal operation heartbeat 74 in Worker
2025-11-16 00:06:15 WARN [Worker] Normal operation heartbeat 75 in Worker
2025-11-16 00:06:20 INFO [Worker] Normal operation heartbeat 76 in Worker
2025-11-16 00:06:25 DEBUG [Worker] Normal operation heartbeat 77 in Worker
2025-11-16 00:06:30 INFO [Worker] Normal operation heartbeat 78 in Worker
2025-11-16 00:06:35 WARN [Worker] Normal operation heartbeat 79 in Worker
2025-11-16 00:06:40 INFO [Worker] Normal operation heartbeat 80 in Worker
2025-11-16 00:06:45 DEBUG [Worker] Normal operation heartbeat 81 in Worker
2025-11-16 00:06:50 INFO [Worker] Normal operation heartbeat 82 in Worker
2025-11-16 00:06:55 WARN [Worker] Normal operation heartbeat 83 in Worker
2025-11-16 00:07:00 INFO [Worker] Normal operation heartbeat 84 in Worker
2025-11-16 00:07:05 DEBUG [Worker] Normal operation heartbeat 85 in Worker
2025-11-16 00:07:10 INFO [Worker] Normal operation heartbeat 86 in Worker
2025-11-16 00:07:15 WARN [Worker] Normal operation heartbeat 87 in Worker
2025-11-16 00:07:20 INFO [Worker] Normal operation heartbeat 88 in Worker
2025-11-16 00:07:25 DEBUG [Worker] Normal operation heartbeat 89 in Worker
2025-11-16 00:07:30 INFO [Worker] Normal operation heartbeat 90 in Worker
2025-11-16 00:07:35 WARN [Worker] Normal operation heartbeat 91 in Worker
2025-11-16 00:07:40 INFO [Worker] Normal operation heartbeat 92 in Worker
2025-11-16 00:07:45 DEBUG [Worker] Normal operation heartbeat 93 in Worker
2025-11-16 00:07:50 INFO [Worker] Normal operation heartbeat 94 in Worker
2025-11-16 00:07:55 WARN [Worker] Normal operation heartbeat 95 in Worker
2025-11-16 00:08:00 INFO [Worker] Normal operation heartbeat 96 in Worker
2025-11-16 00:08:05 DEBUG [Worker] Normal operation heartbeat 97 in Worker
2025-11-16 00:08:10 INFO [Worker] Normal operation heartbeat 98 in Worker
2025-11-16 00:08:15 WARN [Worker] Normal operation heartbeat 99 in Worker
2025-11-16 00:08:20 INFO [Worker] Normal operation heartbeat 100 in Worker
2025-11-16 00:08:25 DEBUG [Worker] Normal operation heartbeat 101 in Worker
2025-11-16 00:08:30 INFO [Worker] Normal operation heartbeat 102 in Worker
2025-11-16 00:08:35 WARN [Worker] Normal operation heartbeat 103 in Worker
2025-11-16 00:08:40 INFO [Worker] Normal operation heartbeat 104 in Worker
2025-11-16 00:08:45 DEBUG [Worker] Normal operation heartbeat 105 in Worker
2025-11-16 00:08:50 INFO [Worker] Normal operation heartbeat 106 in Worker
2025-11-16 00:08:55 WARN [Worker] Normal operation heartbeat 107 in Worker
2025-11-16 00:09:00 INFO [Worker] Normal operation heartbeat 108 in Worker
2025-11-16 00:09:05 DEBUG [Worker] Normal operation heartbeat 109 in Worker
2025-11-16 00:09:10 INFO [Worker] Normal operation heartbeat 110 in Worker
2025-11-16 00:09:15 WARN [Worker] Normal operation heartbeat 111 in Worker
2025-11-16 00:09:20 INFO [Worker] Normal operation heartbeat 112 in Worker
2025-11-16 00:09:25 INFO  [Worker] Starting batch process for portfolio=ABC.
2025-11-16 00:09:27 ERROR [Worker] Exception while processing portfolio=ABC
2025-11-16 00:09:29 ERROR [Worker] Traceback (most recent call last):
2025-11-16 00:09:31 ERROR [Worker]   File "/app/worker.py", line 120, in run
2025-11-16 00:09:33 ERROR [Worker]     price = position['price'] * fx_rate['rate']
2025-11-16 00:09:35 ERROR [Worker] TypeError: 'NoneType' object is not subscriptable
2025-11-16 00:09:37 ERROR [Worker] Batch failed due to NULL fx_rate for currency=EUR.
