2025-11-23 23:29:59 INFO [DBWorker] Normal operation heartbeat 0 in DBWorker
2025-11-23 23:30:00 DEBUG [DBWorker] Normal operation heartbeat 1 in DBWorker
2025-11-23 23:30:01 INFO [DBWorker] Normal operation heartbeat 2 in DBWorker
2025-11-23 23:30:02 WARN [DBWorker] Normal operation heartbeat 3 in DBWorker
2025-11-23 23:30:03 INFO [DBWorker] Normal operation heartbeat 4 in DBWorker
2025-11-23 23:30:04 DEBUG [DBWorker] Normal operation heartbeat 5 in DBWorker
2025-11-23 23:30:05 INFO [DBWorker] Normal operation heartbeat 6 in DBWorker
2025-11-23 23:30:06 WARN [DBWorker] Normal operation heartbeat 7 in DBWorker
2025-11-23 23:30:07 INFO [DBWorker] Normal operation heartbeat 8 in DBWorker
2025-11-23 23:30:08 DEBUG [DBWorker] Normal operation heartbeat 9 in DBWorker
2025-11-23 23:30:09 INFO [DBWorker] Normal operation heartbeat 10 in DBWorker
2025-11-23 23:30:10 WARN [DBWorker] Normal operation heartbeat 11 in DBWorker
2025-11-23 23:30:11 INFO [DBWorker] Normal operation heartbeat 12 in DBWorker
2025-11-23 23:30:12 DEBUG [DBWorker] Normal operation heartbeat 13 in DBWorker
2025-11-23 23:30:13 INFO [DBWorker] Normal operation heartbeat 14 in DBWorker
2025-11-23 23:30:14 WARN [DBWorker] Normal operation heartbeat 15 in DBWorker
2025-11-23 23:30:15 INFO [DBWorker] Normal operation heartbeat 16 in DBWorker
2025-11-23 23:30:16 DEBUG [DBWorker] Normal operation heartbeat 17 in DBWorker
2025-11-23 23:30:17 INFO [DBWorker] Normal operation heartbeat 18 in DBWorker
2025-11-23 23:30:18 WARN [DBWorker] Normal operation heartbeat 19 in DBWorker
2025-11-23 23:30:19 INFO [DBWorker] Normal operation heartbeat 20 in DBWorker
2025-11-23 23:30:20 DEBUG [DBWorker] Normal operation heartbeat 21 in DBWorker
2025-11-23 23:30:21 INFO [DBWorker] Normal operation heartbeat 22 in DBWorker
2025-11-23 23:30:22 WARN [DBWorker] Normal operation heartbeat 23 in DBWorker
2025-11-23 23:30:23 INFO [DBWorker] Normal operation heartbeat 24 in DBWorker
2025-11-23 23:30:24 DEBUG [DBWorker] Normal operation heartbeat 25 in DBWorker
2025-11-23 23:30:25 INFO [DBWorker] Normal operation heartbeat 26 in DBWorker
2025-11-23 23:30:26 WARN [DBWorker] Normal operation heartbeat 27 in DBWorker
2025-11-23 23:30:27 INFO [DBWorker] Normal operation heartbeat 28 in DBWorker
2025-11-23 23:30:28 DEBUG [DBWorker] Normal operation heartbeat 29 in DBWorker
2025-11-23 23:30:29 INFO [DBWorker] Normal operation heartbeat 30 in DBWorker
2025-11-23 23:30:30 WARN [DBWorker] Normal operation heartbeat 31 in DBWorker
2025-11-23 23:30:31 INFO [DBWorker] Normal operation heartbeat 32 in DBWorker
2025-11-23 23:30:32 DEBUG [DBWorker] Normal operation heartbeat 33 in DBWorker
2025-11-23 23:30:33 INFO [DBWorker] Normal operation heartbeat 34 in DBWorker
2025-11-23 23:30:34 WARN [DBWorker] Normal operation heartbeat 35 in DBWorker
2025-11-23 23:30:35 INFO [DBWorker] Normal operation heartbeat 36 in DBWorker
2025-11-23 23:30:36 DEBUG [DBWorker] Normal operation heartbeat 37 in DBWorker
2025-11-23 23:30:37 INFO [DBWorker] Normal operation heartbeat 38 in DBWorker
2025-11-23 23:30:38 WARN [DBWorker] Normal operation heartbeat 39 in DBWorker
2025-11-23 23:30:39 INFO [DBWorker] Normal operation heartbeat 40 in DBWorker
2025-11-23 23:30:40 DEBUG [DBWorker] Normal operation heartbeat 41 in DBWorker
2025-11-23 23:30:41 INFO [DBWorker] Normal operation heartbeat 42 in DBWorker
2025-11-23 23:30:42 WARN [DBWorker] Normal operation heartbeat 43 in DBWorker
2025-11-23 23:30:43 INFO [DBWorker] Normal operation heartbeat 44 in DBWorker
2025-11-23 23:30:44 DEBUG [DBWorker] Normal operation heartbeat 45 in DBWorker
2025-11-23 23:30:45 ERROR [DBWorker] Failed to execute SQL query.
2025-11-23 23:30:47 ERROR [DBWorker] ERROR: syntax error at or near "FROMM"
2025-11-23 23:30:49 ERROR [DBWorker] QUERY: SELECT * FROMM trades WHERE id = 123;
2025-11-23 23:30:51 INFO  [DBWorker] Retrying with fallback query...
2025-11-23 23:30:52 INFO [DBWorker] Normal operation heartbeat 0 in DBWorker
2025-11-23 23:30:53 DEBUG [DBWorker] Normal operation heartbeat 1 in DBWorker
2025-11-23 23:30:54 INFO [DBWorker] Normal operation heartbeat 2 in DBWorker
2025-11-23 23:30:55 WARN [DBWorker] Normal operation heartbeat 3 in DBWorker
2025-11-23 23:30:56 INFO [DBWorker] Normal operation heartbeat 4 in DBWorker
2025-11-23 23:30:57 DEBUG [DBWorker] Normal operation heartbeat 5 in DBWorker
2025-11-23 23:30:58 INFO [DBWorker] Normal operation heartbeat 6 in DBWorker
2025-11-23 23:30:59 WARN [DBWorker] Normal operation heartbeat 7 in DBWorker
2025-11-23 23:31:00 INFO [DBWorker] Normal operation heartbeat 8 in DBWorker
2025-11-23 23:31:01 DEBUG [DBWorker] Normal operation heartbeat 9 in DBWorker
